<?xml version="1.0" encoding="UTF-8"?>
<!-- Generated by org.testng.reporters.JUnitReportReporter -->
<testsuite skipped="0" hostname="LAPTOP-94EP1FIV" name="testCases.TestAPI_001" tests="1" failures="0" timestamp="09 Jul 2020 07:21:23 GMT" time="3.683" errors="0">
  <testcase name="getTest" time="3.683" classname="testCases.TestAPI_001"/>
</testsuite> <!-- testCases.TestAPI_001 -->
