<?xml version="1.0" encoding="UTF-8"?>
<!-- Generated by org.testng.reporters.JUnitReportReporter -->
<testsuite skipped="0" hostname="LAPTOP-94EP1FIV" name="test.ResReqAPITest.TestAPI_002" tests="1" failures="0" timestamp="05 Jul 2020 04:18:50 GMT" time="0.790" errors="0">
  <testcase name="getData" time="0.790" classname="test.ResReqAPITest.TestAPI_002"/>
</testsuite> <!-- test.ResReqAPITest.TestAPI_002 -->
