<?xml version="1.0" encoding="UTF-8"?>
<!-- Generated by org.testng.reporters.JUnitReportReporter -->
<testsuite skipped="0" hostname="LAPTOP-94EP1FIV" name="testCases.TestAPI_002" tests="1" failures="0" timestamp="09 Jul 2020 05:12:20 GMT" time="0.193" errors="0">
  <testcase name="getData" time="0.193" classname="testCases.TestAPI_002"/>
</testsuite> <!-- testCases.TestAPI_002 -->
