<?xml version="1.0" encoding="UTF-8"?>
<!-- Generated by org.testng.reporters.JUnitReportReporter -->
<testsuite skipped="0" hostname="LAPTOP-94EP1FIV" name="testCases.TestAPI_004" tests="1" failures="0" timestamp="09 Jul 2020 07:21:23 GMT" time="1.091" errors="0">
  <testcase name="getAllUsersAPITest" time="1.091" classname="testCases.TestAPI_004"/>
</testsuite> <!-- testCases.TestAPI_004 -->
