<?xml version="1.0" encoding="UTF-8"?>
<!-- Generated by org.testng.reporters.JUnitReportReporter -->
<testsuite skipped="0" hostname="LAPTOP-94EP1FIV" name="testCases.TestAPI_003" tests="1" failures="0" timestamp="09 Jul 2020 07:21:23 GMT" time="0.172" errors="0">
  <testcase name="userDataAPITest" time="0.172" classname="testCases.TestAPI_003"/>
</testsuite> <!-- testCases.TestAPI_003 -->
